# JRE version: OpenJDK Runtime Environment GraalVM CE 22.1.0 (17.0.3+7) (build 17.0.3+7-jvmci-22.1-b06)
# Java VM: OpenJDK 64-Bit Server VM GraalVM CE 22.1.0 (17.0.3+7-jvmci-22.1-b06, mixed mode, sharing, tiered, jvmci, jvmci compiler, compressed oops, compressed class ptrs, serial gc, linux-amd64)
GC Precious Log:
 CPUs: 4 total, 1 available
 Memory: 1024M
 Large Page Support: Disabled
 NUMA Support: Disabled
 Compressed Oops: Enabled (32-bit)
 Heap Min Capacity: 8M
 Heap Initial Capacity: 16M
 Heap Max Capacity: 256M
 Pre-touch: Disabled
Heap:
 def new generation   total 4928K, used 0K [0x00000000f0000000, 0x00000000f0550000, 0x00000000f5550000)
  eden space 4416K,   0% used [0x00000000f0000000, 0x00000000f0000000, 0x00000000f0450000)
  from space 512K,   0% used [0x00000000f04d0000, 0x00000000f04d0168, 0x00000000f0550000)
  to   space 512K,   0% used [0x00000000f0450000, 0x00000000f0450000, 0x00000000f04d0000)
 tenured generation   total 10944K, used 6216K [0x00000000f5550000, 0x00000000f6000000, 0x0000000100000000)
   the space 10944K,  56% used [0x00000000f5550000, 0x00000000f5b621c8, 0x00000000f5b62200, 0x00000000f6000000)
 Metaspace       used 13139K, committed 13440K, reserved 1064960K
  class space    used 1430K, committed 1536K, reserved 1048576K
GC Heap History (20 events):
Event: 8445.538 GC heap after
{Heap after GC invocations=520909 (full 0):
 def new generation   total 4928K, used 0K [0x00000000f0000000, 0x00000000f0550000, 0x00000000f5550000)
  eden space 4416K,   0% used [0x00000000f0000000, 0x00000000f0000000, 0x00000000f0450000)
  from space 512K,   0% used [0x00000000f04d0000, 0x00000000f04d0150, 0x00000000f0550000)
  to   space 512K,   0% used [0x00000000f0450000, 0x00000000f0450000, 0x00000000f04d0000)
 tenured generation   total 10944K, used 6216K [0x00000000f5550000, 0x00000000f6000000, 0x0000000100000000)
   the space 10944K,  56% used [0x00000000f5550000, 0x00000000f5b621c8, 0x00000000f5b62200, 0x00000000f6000000)
 Metaspace       used 13139K, committed 13440K, reserved 1064960K
  class space    used 1430K, committed 1536K, reserved 1048576K
}
Event: 8445.545 GC heap before
{Heap before GC invocations=520909 (full 0):
 def new generation   total 4928K, used 4416K [0x00000000f0000000, 0x00000000f0550000, 0x00000000f5550000)
  eden space 4416K, 100% used [0x00000000f0000000, 0x00000000f0450000, 0x00000000f0450000)
  from space 512K,   0% used [0x00000000f04d0000, 0x00000000f04d0150, 0x00000000f0550000)
  to   space 512K,   0% used [0x00000000f0450000, 0x00000000f0450000, 0x00000000f04d0000)
 tenured generation   total 10944K, used 6216K [0x00000000f5550000, 0x00000000f6000000, 0x0000000100000000)
   the space 10944K,  56% used [0x00000000f5550000, 0x00000000f5b621c8, 0x00000000f5b62200, 0x00000000f6000000)
 Metaspace       used 13139K, committed 13440K, reserved 1064960K
  class space    used 1430K, committed 1536K, reserved 1048576K
}
Event: 8445.546 GC heap after
{Heap after GC invocations=520910 (full 0):
 def new generation   total 4928K, used 0K [0x00000000f0000000, 0x00000000f0550000, 0x00000000f5550000)
  eden space 4416K,   0% used [0x00000000f0000000, 0x00000000f0000000, 0x00000000f0450000)
  from space 512K,   0% used [0x00000000f0450000, 0x00000000f0450168, 0x00000000f04d0000)
  to   space 512K,   0% used [0x00000000f04d0000, 0x00000000f04d0000, 0x00000000f0550000)
 tenured generation   total 10944K, used 6216K [0x00000000f5550000, 0x00000000f6000000, 0x0000000100000000)
   the space 10944K,  56% used [0x00000000f5550000, 0x00000000f5b621c8, 0x00000000f5b62200, 0x00000000f6000000)
 Metaspace       used 13139K, committed 13440K, reserved 1064960K
  class space    used 1430K, committed 1536K, reserved 1048576K
}
Event: 8445.557 GC heap before
{Heap before GC invocations=520910 (full 0):
 def new generation   total 4928K, used 4416K [0x00000000f0000000, 0x00000000f0550000, 0x00000000f5550000)
  eden space 4416K, 100% used [0x00000000f0000000, 0x00000000f0450000, 0x00000000f0450000)
  from space 512K,   0% used [0x00000000f0450000, 0x00000000f0450168, 0x00000000f04d0000)
  to   space 512K,   0% used [0x00000000f04d0000, 0x00000000f04d0000, 0x00000000f0550000)
 tenured generation   total 10944K, used 6216K [0x00000000f5550000, 0x00000000f6000000, 0x0000000100000000)
   the space 10944K,  56% used [0x00000000f5550000, 0x00000000f5b621c8, 0x00000000f5b62200, 0x00000000f6000000)
 Metaspace       used 13139K, committed 13440K, reserved 1064960K
  class space    used 1430K, committed 1536K, reserved 1048576K
}
Event: 8445.557 GC heap after
{Heap after GC invocations=520911 (full 0):
 def new generation   total 4928K, used 0K [0x00000000f0000000, 0x00000000f0550000, 0x00000000f5550000)
  eden space 4416K,   0% used [0x00000000f0000000, 0x00000000f0000000, 0x00000000f0450000)
  from space 512K,   0% used [0x00000000f04d0000, 0x00000000f04d0150, 0x00000000f0550000)
  to   space 512K,   0% used [0x00000000f0450000, 0x00000000f0450000, 0x00000000f04d0000)
 tenured generation   total 10944K, used 6216K [0x00000000f5550000, 0x00000000f6000000, 0x0000000100000000)
   the space 10944K,  56% used [0x00000000f5550000, 0x00000000f5b621c8, 0x00000000f5b62200, 0x00000000f6000000)
 Metaspace       used 13139K, committed 13440K, reserved 1064960K
  class space    used 1430K, committed 1536K, reserved 1048576K
}
Event: 8445.563 GC heap before
{Heap before GC invocations=520911 (full 0):
 def new generation   total 4928K, used 4416K [0x00000000f0000000, 0x00000000f0550000, 0x00000000f5550000)
  eden space 4416K, 100% used [0x00000000f0000000, 0x00000000f0450000, 0x00000000f0450000)
  from space 512K,   0% used [0x00000000f04d0000, 0x00000000f04d0150, 0x00000000f0550000)
  to   space 512K,   0% used [0x00000000f0450000, 0x00000000f0450000, 0x00000000f04d0000)
 tenured generation   total 10944K, used 6216K [0x00000000f5550000, 0x00000000f6000000, 0x0000000100000000)
   the space 10944K,  56% used [0x00000000f5550000, 0x00000000f5b621c8, 0x00000000f5b62200, 0x00000000f6000000)
 Metaspace       used 13139K, committed 13440K, reserved 1064960K
  class space    used 1430K, committed 1536K, reserved 1048576K
}
Event: 8445.564 GC heap after
{Heap after GC invocations=520912 (full 0):
 def new generation   total 4928K, used 0K [0x00000000f0000000, 0x00000000f0550000, 0x00000000f5550000)
  eden space 4416K,   0% used [0x00000000f0000000, 0x00000000f0000000, 0x00000000f0450000)
  from space 512K,   0% used [0x00000000f0450000, 0x00000000f0450168, 0x00000000f04d0000)
  to   space 512K,   0% used [0x00000000f04d0000, 0x00000000f04d0000, 0x00000000f0550000)
 tenured generation   total 10944K, used 6216K [0x00000000f5550000, 0x00000000f6000000, 0x0000000100000000)
   the space 10944K,  56% used [0x00000000f5550000, 0x00000000f5b621c8, 0x00000000f5b62200, 0x00000000f6000000)
 Metaspace       used 13139K, committed 13440K, reserved 1064960K
  class space    used 1430K, committed 1536K, reserved 1048576K
}
Event: 8445.570 GC heap before
{Heap before GC invocations=520912 (full 0):
 def new generation   total 4928K, used 4416K [0x00000000f0000000, 0x00000000f0550000, 0x00000000f5550000)
  eden space 4416K, 100% used [0x00000000f0000000, 0x00000000f0450000, 0x00000000f0450000)
  from space 512K,   0% used [0x00000000f0450000, 0x00000000f0450168, 0x00000000f04d0000)
  to   space 512K,   0% used [0x00000000f04d0000, 0x00000000f04d0000, 0x00000000f0550000)
 tenured generation   total 10944K, used 6216K [0x00000000f5550000, 0x00000000f6000000, 0x0000000100000000)
   the space 10944K,  56% used [0x00000000f5550000, 0x00000000f5b621c8, 0x00000000f5b62200, 0x00000000f6000000)
 Metaspace       used 13139K, committed 13440K, reserved 1064960K
  class space    used 1430K, committed 1536K, reserved 1048576K
}
Event: 8445.570 GC heap after
{Heap after GC invocations=520913 (full 0):
 def new generation   total 4928K, used 0K [0x00000000f0000000, 0x00000000f0550000, 0x00000000f5550000)
  eden space 4416K,   0% used [0x00000000f0000000, 0x00000000f0000000, 0x00000000f0450000)
  from space 512K,   0% used [0x00000000f04d0000, 0x00000000f04d0150, 0x00000000f0550000)
  to   space 512K,   0% used [0x00000000f0450000, 0x00000000f0450000, 0x00000000f04d0000)
 tenured generation   total 10944K, used 6216K [0x00000000f5550000, 0x00000000f6000000, 0x0000000100000000)
   the space 10944K,  56% used [0x00000000f5550000, 0x00000000f5b621c8, 0x00000000f5b62200, 0x00000000f6000000)
 Metaspace       used 13139K, committed 13440K, reserved 1064960K
  class space    used 1430K, committed 1536K, reserved 1048576K
}
Event: 8445.634 GC heap before
{Heap before GC invocations=520913 (full 0):
 def new generation   total 4928K, used 4416K [0x00000000f0000000, 0x00000000f0550000, 0x00000000f5550000)
  eden space 4416K, 100% used [0x00000000f0000000, 0x00000000f0450000, 0x00000000f0450000)
  from space 512K,   0% used [0x00000000f04d0000, 0x00000000f04d0150, 0x00000000f0550000)
  to   space 512K,   0% used [0x00000000f0450000, 0x00000000f0450000, 0x00000000f04d0000)
 tenured generation   total 10944K, used 6216K [0x00000000f5550000, 0x00000000f6000000, 0x0000000100000000)
   the space 10944K,  56% used [0x00000000f5550000, 0x00000000f5b621c8, 0x00000000f5b62200, 0x00000000f6000000)
 Metaspace       used 13139K, committed 13440K, reserved 1064960K
  class space    used 1430K, committed 1536K, reserved 1048576K
}
Event: 8445.635 GC heap after
{Heap after GC invocations=520914 (full 0):
 def new generation   total 4928K, used 0K [0x00000000f0000000, 0x00000000f0550000, 0x00000000f5550000)
  eden space 4416K,   0% used [0x00000000f0000000, 0x00000000f0000000, 0x00000000f0450000)
  from space 512K,   0% used [0x00000000f0450000, 0x00000000f0450168, 0x00000000f04d0000)
  to   space 512K,   0% used [0x00000000f04d0000, 0x00000000f04d0000, 0x00000000f0550000)
 tenured generation   total 10944K, used 6216K [0x00000000f5550000, 0x00000000f6000000, 0x0000000100000000)
   the space 10944K,  56% used [0x00000000f5550000, 0x00000000f5b621c8, 0x00000000f5b62200, 0x00000000f6000000)
 Metaspace       used 13139K, committed 13440K, reserved 1064960K
  class space    used 1430K, committed 1536K, reserved 1048576K
}
Event: 8445.646 GC heap before
{Heap before GC invocations=520914 (full 0):
 def new generation   total 4928K, used 4416K [0x00000000f0000000, 0x00000000f0550000, 0x00000000f5550000)
  eden space 4416K, 100% used [0x00000000f0000000, 0x00000000f0450000, 0x00000000f0450000)
  from space 512K,   0% used [0x00000000f0450000, 0x00000000f0450168, 0x00000000f04d0000)
  to   space 512K,   0% used [0x00000000f04d0000, 0x00000000f04d0000, 0x00000000f0550000)
 tenured generation   total 10944K, used 6216K [0x00000000f5550000, 0x00000000f6000000, 0x0000000100000000)
   the space 10944K,  56% used [0x00000000f5550000, 0x00000000f5b621c8, 0x00000000f5b62200, 0x00000000f6000000)
 Metaspace       used 13139K, committed 13440K, reserved 1064960K
  class space    used 1430K, committed 1536K, reserved 1048576K
}
Event: 8445.646 GC heap after
{Heap after GC invocations=520915 (full 0):
 def new generation   total 4928K, used 0K [0x00000000f0000000, 0x00000000f0550000, 0x00000000f5550000)
  eden space 4416K,   0% used [0x00000000f0000000, 0x00000000f0000000, 0x00000000f0450000)
  from space 512K,   0% used [0x00000000f04d0000, 0x00000000f04d0168, 0x00000000f0550000)
  to   space 512K,   0% used [0x00000000f0450000, 0x00000000f0450000, 0x00000000f04d0000)
 tenured generation   total 10944K, used 6216K [0x00000000f5550000, 0x00000000f6000000, 0x0000000100000000)
   the space 10944K,  56% used [0x00000000f5550000, 0x00000000f5b621c8, 0x00000000f5b62200, 0x00000000f6000000)
 Metaspace       used 13139K, committed 13440K, reserved 1064960K
  class space    used 1430K, committed 1536K, reserved 1048576K
}
Event: 8445.652 GC heap before
{Heap before GC invocations=520915 (full 0):
 def new generation   total 4928K, used 4416K [0x00000000f0000000, 0x00000000f0550000, 0x00000000f5550000)
  eden space 4416K, 100% used [0x00000000f0000000, 0x00000000f0450000, 0x00000000f0450000)
  from space 512K,   0% used [0x00000000f04d0000, 0x00000000f04d0168, 0x00000000f0550000)
  to   space 512K,   0% used [0x00000000f0450000, 0x00000000f0450000, 0x00000000f04d0000)
 tenured generation   total 10944K, used 6216K [0x00000000f5550000, 0x00000000f6000000, 0x0000000100000000)
   the space 10944K,  56% used [0x00000000f5550000, 0x00000000f5b621c8, 0x00000000f5b62200, 0x00000000f6000000)
 Metaspace       used 13139K, committed 13440K, reserved 1064960K
  class space    used 1430K, committed 1536K, reserved 1048576K
}
Event: 8445.653 GC heap after
{Heap after GC invocations=520916 (full 0):
 def new generation   total 4928K, used 0K [0x00000000f0000000, 0x00000000f0550000, 0x00000000f5550000)
  eden space 4416K,   0% used [0x00000000f0000000, 0x00000000f0000000, 0x00000000f0450000)
  from space 512K,   0% used [0x00000000f0450000, 0x00000000f0450088, 0x00000000f04d0000)
  to   space 512K,   0% used [0x00000000f04d0000, 0x00000000f04d0000, 0x00000000f0550000)
 tenured generation   total 10944K, used 6216K [0x00000000f5550000, 0x00000000f6000000, 0x0000000100000000)
   the space 10944K,  56% used [0x00000000f5550000, 0x00000000f5b621c8, 0x00000000f5b62200, 0x00000000f6000000)
 Metaspace       used 13139K, committed 13440K, reserved 1064960K
  class space    used 1430K, committed 1536K, reserved 1048576K
}
Event: 8445.661 GC heap before
{Heap before GC invocations=520916 (full 0):
 def new generation   total 4928K, used 4416K [0x00000000f0000000, 0x00000000f0550000, 0x00000000f5550000)
  eden space 4416K, 100% used [0x00000000f0000000, 0x00000000f0450000, 0x00000000f0450000)
  from space 512K,   0% used [0x00000000f0450000, 0x00000000f0450088, 0x00000000f04d0000)
  to   space 512K,   0% used [0x00000000f04d0000, 0x00000000f04d0000, 0x00000000f0550000)
 tenured generation   total 10944K, used 6216K [0x00000000f5550000, 0x00000000f6000000, 0x0000000100000000)
   the space 10944K,  56% used [0x00000000f5550000, 0x00000000f5b621c8, 0x00000000f5b62200, 0x00000000f6000000)
 Metaspace       used 13139K, committed 13440K, reserved 1064960K
  class space    used 1430K, committed 1536K, reserved 1048576K
}
Event: 8445.661 GC heap after
{Heap after GC invocations=520917 (full 0):
 def new generation   total 4928K, used 0K [0x00000000f0000000, 0x00000000f0550000, 0x00000000f5550000)
  eden space 4416K,   0% used [0x00000000f0000000, 0x00000000f0000000, 0x00000000f0450000)
  from space 512K,   0% used [0x00000000f04d0000, 0x00000000f04d00b8, 0x00000000f0550000)
  to   space 512K,   0% used [0x00000000f0450000, 0x00000000f0450000, 0x00000000f04d0000)
 tenured generation   total 10944K, used 6216K [0x00000000f5550000, 0x00000000f6000000, 0x0000000100000000)
   the space 10944K,  56% used [0x00000000f5550000, 0x00000000f5b621c8, 0x00000000f5b62200, 0x00000000f6000000)
 Metaspace       used 13139K, committed 13440K, reserved 1064960K
  class space    used 1430K, committed 1536K, reserved 1048576K
}
Event: 8445.727 GC heap before
{Heap before GC invocations=520917 (full 0):
 def new generation   total 4928K, used 4416K [0x00000000f0000000, 0x00000000f0550000, 0x00000000f5550000)
  eden space 4416K, 100% used [0x00000000f0000000, 0x00000000f0450000, 0x00000000f0450000)
  from space 512K,   0% used [0x00000000f04d0000, 0x00000000f04d00b8, 0x00000000f0550000)
  to   space 512K,   0% used [0x00000000f0450000, 0x00000000f0450000, 0x00000000f04d0000)
 tenured generation   total 10944K, used 6216K [0x00000000f5550000, 0x00000000f6000000, 0x0000000100000000)
   the space 10944K,  56% used [0x00000000f5550000, 0x00000000f5b621c8, 0x00000000f5b62200, 0x00000000f6000000)
 Metaspace       used 13139K, committed 13440K, reserved 1064960K
  class space    used 1430K, committed 1536K, reserved 1048576K
}
Event: 8445.728 GC heap after
{Heap after GC invocations=520918 (full 0):
 def new generation   total 4928K, used 0K [0x00000000f0000000, 0x00000000f0550000, 0x00000000f5550000)
  eden space 4416K,   0% used [0x00000000f0000000, 0x00000000f0000000, 0x00000000f0450000)
  from space 512K,   0% used [0x00000000f0450000, 0x00000000f04500c0, 0x00000000f04d0000)
  to   space 512K,   0% used [0x00000000f04d0000, 0x00000000f04d0000, 0x00000000f0550000)
 tenured generation   total 10944K, used 6216K [0x00000000f5550000, 0x00000000f6000000, 0x0000000100000000)
   the space 10944K,  56% used [0x00000000f5550000, 0x00000000f5b621c8, 0x00000000f5b62200, 0x00000000f6000000)
 Metaspace       used 13139K, committed 13440K, reserved 1064960K
  class space    used 1430K, committed 1536K, reserved 1048576K
}
Event: 8487.278 GC heap before
{Heap before GC invocations=520918 (full 0):
 def new generation   total 4928K, used 4416K [0x00000000f0000000, 0x00000000f0550000, 0x00000000f5550000)
  eden space 4416K, 100% used [0x00000000f0000000, 0x00000000f0450000, 0x00000000f0450000)
  from space 512K,   0% used [0x00000000f0450000, 0x00000000f04500c0, 0x00000000f04d0000)
  to   space 512K,   0% used [0x00000000f04d0000, 0x00000000f04d0000, 0x00000000f0550000)
 tenured generation   total 10944K, used 6216K [0x00000000f5550000, 0x00000000f6000000, 0x0000000100000000)
   the space 10944K,  56% used [0x00000000f5550000, 0x00000000f5b621c8, 0x00000000f5b62200, 0x00000000f6000000)
 Metaspace       used 13139K, committed 13440K, reserved 1064960K
  class space    used 1430K, committed 1536K, reserved 1048576K
}

